<?xml version="1.0" encoding="UTF-8"?>
<!-- Generated by org.testng.reporters.JUnitReportReporter -->
<testsuite skipped="0" hostname="HP-PC" name="com.test.MavenActiTime.LoginTest" tests="1" failures="0" timestamp="28 May 2020 15:01:33 GMT" time="1.934" errors="0">
  <testcase name="login" time="1.934" classname="com.test.MavenActiTime.LoginTest"/>
</testsuite> <!-- com.test.MavenActiTime.LoginTest -->
